
          -------------------------------------------------------
          Amber 22 PMEMD                              2022
          -------------------------------------------------------

| PMEMD implementation of SANDER, Release 22

|  Compiled date/time: Thu Apr 14 14:06:37 2022
| Run on 07/12/2024 at 11:55:57

|   Executable path: pmemd.cuda
| Working directory: /home/pabelchem/bodipy/aiim/tpab/temp
|          Hostname: node2

  [-O]verwriting output

File Assignments:
|   MDIN: min.in                                                                
|  MDOUT: min.out                                                               
| INPCRD: system.rst                                                            
|   PARM: system.parm                                                           
| RESTRT: min.rst                                                               
|   REFC: refc                                                                  
|  MDVEL: mdvel                                                                 
|   MDEN: mden                                                                  
|  MDCRD: min.nc                                                                
| MDINFO: min.info                                                              
|  MDFRC: mdfrc                                                                 


 Here is the input file:

minimize                                                                       
&cntrl                                                                         
  imin = 1,                                                                    
  irest=0,                                                                     
  maxcyc = 1000,                                                               
  ncyc = 5000,                                                                 
  ntpr = 50,                                                                   
  ntx = 1,                                                                     
  ntwx = 0,                                                                    
  cut = 10.0,                                                                  
  igb =0,                                                                      
  ntwr = 2000,                                                                 
/                                                                              
                                                                               


Note: ig = -1. Setting random seed to   788894 based on wallclock time in 
      microseconds.
| irandom = 1, using AMBER's internal random number generator (default).
 
|--------------------- INFORMATION ----------------------
| GPU (CUDA) Version of PMEMD in use: NVIDIA GPU IN USE.
|                    Version 18.0.0
| 
|                      03/25/2018
| 
| Implementation by:
|                    Ross C. Walker     (SDSC)
|                    Scott Le Grand     (nVIDIA)
| 
| Version 18 performance extensions by:
|                    David Cerutti     (Rutgers)
| 
| Precision model in use:
|      [SPFP] - Single Precision Forces, 64-bit Fixed Point
|               Accumulation. (Default)
| 
|--------------------------------------------------------
 
|----------------- CITATION INFORMATION -----------------
|
|    When publishing work that utilized the CUDA version
|    of AMBER, please cite the following in addition to
|    the regular AMBER citations:
|
|  - Romelia Salomon-Ferrer; Andreas W. Goetz; Duncan
|    Poole; Scott Le Grand; Ross C. Walker "Routine
|    microsecond molecular dynamics simulations with
|    AMBER - Part II: Particle Mesh Ewald", J. Chem.
|    Theory Comput., 2013, 9 (9), pp3878-3888,
|    DOI: 10.1021/ct400314y.
|
|  - Andreas W. Goetz; Mark J. Williamson; Dong Xu;
|    Duncan Poole; Scott Le Grand; Ross C. Walker
|    "Routine microsecond molecular dynamics simulations
|    with AMBER - Part I: Generalized Born", J. Chem.
|    Theory Comput., 2012, 8 (5), pp1542-1555.
|
|  - Scott Le Grand; Andreas W. Goetz; Ross C. Walker
|    "SPFP: Speed without compromise - a mixed precision
|    model for GPU accelerated molecular dynamics
|    simulations.", Comp. Phys. Comm., 2013, 184
|    pp374-380, DOI: 10.1016/j.cpc.2012.09.022
|
|--------------------------------------------------------
 
|------------------- GPU DEVICE INFO --------------------
|
|            CUDA_VISIBLE_DEVICES: 3
|   CUDA Capable Devices Detected:      1
|           CUDA Device ID in use:      0
|                CUDA Device Name: NVIDIA RTX A5000
|     CUDA Device Global Mem Size:  24256 MB
| CUDA Device Num Multiprocessors:     64
|           CUDA Device Core Freq:   2.10 GHz
|
|--------------------------------------------------------
 
 
| Conditional Compilation Defines Used:
| PUBFFT
| BINTRAJ
| CUDA
| EMIL

| Largest sphere to fit in unit cell has radius =    51.824

| New format PARM file being parsed.
| Version =    1.000 Date = 07/12/24 Time = 11:54:56

| Note: 1-4 EEL scale factors are being read from the topology file.

| Note: 1-4 VDW scale factors are being read from the topology file.
| Duplicated    0 dihedrals

| Duplicated    0 dihedrals

--------------------------------------------------------------------------------
   1.  RESOURCE   USE: 
--------------------------------------------------------------------------------

 getting new box info from bottom of inpcrd
 NATOM  =   35480 NTYPES =       8 NBONH =   17734 MBONA  =   11851
 NTHETH =   35471 MTHETA =    5973 NPHIH =   17838 MPHIA  =     115
 NHPARM =       0 NPARM  =       0 NNB   =   94831 NRES   =    5902
 NBONA  =   11851 NTHETA =    5973 NPHIA =     115 NUMBND =      22
 NUMANG =      36 NPTRA  =      28 NATYP =      17 NPHB   =       0
 IFBOX  =       1 NMXRS  =      47 IFCAP =       0 NEXTRA =       0
 NCOPY  =       0

| Coordinate Index Table dimensions:    18   18   18
| Direct force subcell size =     5.7582    5.7582    5.7582

     BOX TYPE: RECTILINEAR

--------------------------------------------------------------------------------
   2.  CONTROL  DATA  FOR  THE  RUN
--------------------------------------------------------------------------------

default_name                                                                    

General flags:
     imin    =       1, nmropt  =       0

Nature and format of input:
     ntx     =       1, irest   =       0, ntrx    =       1

Nature and format of output:
     ntxo    =       2, ntpr    =      50, ntrx    =       1, ntwr    =    2000
     iwrap   =       0, ntwx    =       0, ntwv    =       0, ntwe    =       0
     ioutfm  =       1, ntwprt  =       0, idecomp =       0, rbornstat=      0

Potential function:
     ntf     =       1, ntb     =       1, igb     =       0, nsnb    =      25
     ipol    =       0, gbsa    =       0, iesp    =       0
     dielc   =   1.00000, cut     =  10.00000, intdiel =   1.00000

Frozen or restrained atoms:
     ibelly  =       0, ntr     =       0

Energy minimization:
     maxcyc  =    1000, ncyc    =    5000, ntmin   =       1
     dx0     =   0.01000, drms    =   0.00010

| Intermolecular bonds treatment:
|     no_intermolecular_bonds =       1

| Energy averages sample interval:
|     ene_avg_sampling =       1

Ewald parameters:
     verbose =       0, ew_type =       0, nbflag  =       1, use_pme =       1
     vdwmeth =       1, eedmeth =       1, netfrc  =       0
     Box X =  103.647   Box Y =  103.648   Box Z =  103.648
     Alpha =   90.000   Beta  =   90.000   Gamma =   90.000
     NFFT1 =  108       NFFT2 =  108       NFFT3 =  108
     Cutoff=   10.000   Tol   =0.100E-04
     Ewald Coefficient =  0.27511
     Interpolation order =    4

--------------------------------------------------------------------------------
   3.  ATOMIC COORDINATES AND VELOCITIES
--------------------------------------------------------------------------------

default_name                                                                    
 begin time read from input coords =     0.000 ps

 
 Number of triangulated 3-point waters found:        0

     Sum of charges from parm topology file =  -0.94068749
     Assuming uniform neutralizing plasma

| Dynamic Memory, Types Used:
| Reals              924656
| Integers          1756064

| Nonbonded Pairs Initial Allocation:    10731813

| GPU memory information (estimate):
| KB of GPU memory in use:    312272
| KB of CPU memory in use:    120910

--------------------------------------------------------------------------------
   4.  RESULTS
--------------------------------------------------------------------------------



   NSTEP       ENERGY          RMS            GMAX         NAME    NUMBER
      1       1.5302E+09     7.2183E+03     4.9480E+04     C2      28036

 BOND    =    10740.5533  ANGLE   =     8603.6929  DIHED      =       -0.4005
 VDWAALS = *************  EEL     =      390.0319  HBOND      =        0.0000
 1-4 VDW =     -309.3580  1-4 EEL =   -88814.4281  RESTRAINT  =        0.0000


   NSTEP       ENERGY          RMS            GMAX         NAME    NUMBER
     50       1.6040E+06     2.7100E+02     3.0321E+04     C2      33244

 BOND    =   467797.3335  ANGLE   =   130275.4736  DIHED      =       -0.5920
 VDWAALS =  1093713.5408  EEL     =      946.0825  HBOND      =        0.0000
 1-4 VDW =     2063.2249  1-4 EEL =   -90810.6329  RESTRAINT  =        0.0000


   NSTEP       ENERGY          RMS            GMAX         NAME    NUMBER
    100       1.1561E+09     6.4452E+01     8.3289E+03     H6      33650

 BOND    =    31678.4651  ANGLE   =   103484.8844  DIHED      =       -0.5086
 VDWAALS =   186177.1473  EEL     =      174.2028  HBOND      =        0.0000
 1-4 VDW = *************  1-4 EEL =   -90214.0867  RESTRAINT  =        0.0000


   NSTEP       ENERGY          RMS            GMAX         NAME    NUMBER
    150       1.5856E+09     6.4233E+01     8.2450E+03     H6      33650

 BOND    =    31668.7511  ANGLE   =   103479.6929  DIHED      =       -0.5086
 VDWAALS =   186159.1436  EEL     =      174.1603  HBOND      =        0.0000
 1-4 VDW = *************  1-4 EEL =   -90214.8753  RESTRAINT  =        0.0000


   NSTEP       ENERGY          RMS            GMAX         NAME    NUMBER
    200       1.5891E+09     6.4106E+01     8.2427E+03     H5      33649

 BOND    =    31668.6942  ANGLE   =   103479.6582  DIHED      =       -0.5086
 VDWAALS =   186159.0207  EEL     =      174.1601  HBOND      =        0.0000
 1-4 VDW = *************  1-4 EEL =   -90214.8799  RESTRAINT  =        0.0000


   NSTEP       ENERGY          RMS            GMAX         NAME    NUMBER
    250       1.5926E+09     6.4106E+01     8.2426E+03     H5      33649

 BOND    =    31668.6383  ANGLE   =   103479.6240  DIHED      =       -0.5086
 VDWAALS =   186158.8976  EEL     =      174.1606  HBOND      =        0.0000
 1-4 VDW = *************  1-4 EEL =   -90214.8844  RESTRAINT  =        0.0000


   NSTEP       ENERGY          RMS            GMAX         NAME    NUMBER
    300       1.5961E+09     6.4106E+01     8.2426E+03     H5      33649

 BOND    =    31668.5814  ANGLE   =   103479.5894  DIHED      =       -0.5086
 VDWAALS =   186158.7807  EEL     =      174.1600  HBOND      =        0.0000
 1-4 VDW = *************  1-4 EEL =   -90214.8890  RESTRAINT  =        0.0000


   NSTEP       ENERGY          RMS            GMAX         NAME    NUMBER
    350       1.5995E+09     6.4105E+01     8.2425E+03     H5      33649

 BOND    =    31668.5255  ANGLE   =   103479.5552  DIHED      =       -0.5086
 VDWAALS =   186158.6576  EEL     =      174.1594  HBOND      =        0.0000
 1-4 VDW = *************  1-4 EEL =   -90214.8936  RESTRAINT  =        0.0000


   NSTEP       ENERGY          RMS            GMAX         NAME    NUMBER
    400       1.6030E+09     6.4233E+01     8.2451E+03     H6      33650

 BOND    =    31668.4689  ANGLE   =   103479.5205  DIHED      =       -0.5086
 VDWAALS =   186158.5325  EEL     =      174.1588  HBOND      =        0.0000
 1-4 VDW = *************  1-4 EEL =   -90214.8981  RESTRAINT  =        0.0000


   NSTEP       ENERGY          RMS            GMAX         NAME    NUMBER
    450       1.6065E+09     6.4105E+01     8.2425E+03     H5      33649

 BOND    =    31668.4129  ANGLE   =   103479.4863  DIHED      =       -0.5086
 VDWAALS =   186158.4134  EEL     =      174.1589  HBOND      =        0.0000
 1-4 VDW = *************  1-4 EEL =   -90214.9027  RESTRAINT  =        0.0000


   NSTEP       ENERGY          RMS            GMAX         NAME    NUMBER
    500       1.6100E+09     6.4232E+01     8.2451E+03     H6      33650

 BOND    =    31668.3562  ANGLE   =   103479.4516  DIHED      =       -0.5086
 VDWAALS =   186158.2882  EEL     =      174.1588  HBOND      =        0.0000
 1-4 VDW = *************  1-4 EEL =   -90214.9073  RESTRAINT  =        0.0000


   NSTEP       ENERGY          RMS            GMAX         NAME    NUMBER
    550       1.6135E+09     6.4232E+01     8.2451E+03     H6      33650

 BOND    =    31668.3003  ANGLE   =   103479.4175  DIHED      =       -0.5086
 VDWAALS =   186158.1658  EEL     =      174.1579  HBOND      =        0.0000
 1-4 VDW = *************  1-4 EEL =   -90214.9119  RESTRAINT  =        0.0000


   NSTEP       ENERGY          RMS            GMAX         NAME    NUMBER
    600       1.6171E+09     6.4232E+01     8.2451E+03     H6      33650

 BOND    =    31668.2435  ANGLE   =   103479.3828  DIHED      =       -0.5086
 VDWAALS =   186158.0428  EEL     =      174.1579  HBOND      =        0.0000
 1-4 VDW = *************  1-4 EEL =   -90214.9164  RESTRAINT  =        0.0000


   NSTEP       ENERGY          RMS            GMAX         NAME    NUMBER
    650       1.6206E+09     6.4104E+01     8.2423E+03     H5      33649

 BOND    =    31668.1875  ANGLE   =   103479.3487  DIHED      =       -0.5086
 VDWAALS =   186157.9195  EEL     =      174.1575  HBOND      =        0.0000
 1-4 VDW = *************  1-4 EEL =   -90214.9210  RESTRAINT  =        0.0000


   NSTEP       ENERGY          RMS            GMAX         NAME    NUMBER
    700       1.6242E+09     6.4104E+01     8.2422E+03     H5      33649

 BOND    =    31668.1308  ANGLE   =   103479.3140  DIHED      =       -0.5086
 VDWAALS =   186157.8006  EEL     =      174.1571  HBOND      =        0.0000
 1-4 VDW = *************  1-4 EEL =   -90214.9257  RESTRAINT  =        0.0000


   NSTEP       ENERGY          RMS            GMAX         NAME    NUMBER
    750       1.6277E+09     6.4104E+01     8.2422E+03     H5      33649

 BOND    =    31668.0750  ANGLE   =   103479.2798  DIHED      =       -0.5086
 VDWAALS =   186157.6784  EEL     =      174.1573  HBOND      =        0.0000
 1-4 VDW = *************  1-4 EEL =   -90214.9302  RESTRAINT  =        0.0000


   NSTEP       ENERGY          RMS            GMAX         NAME    NUMBER
    800       1.6313E+09     6.4104E+01     8.2421E+03     H5      33649

 BOND    =    31668.0181  ANGLE   =   103479.2452  DIHED      =       -0.5086
 VDWAALS =   186157.5533  EEL     =      174.1567  HBOND      =        0.0000
 1-4 VDW = *************  1-4 EEL =   -90214.9349  RESTRAINT  =        0.0000


   NSTEP       ENERGY          RMS            GMAX         NAME    NUMBER
    850       1.6348E+09     6.4104E+01     8.2421E+03     H5      33649

 BOND    =    31667.9623  ANGLE   =   103479.2110  DIHED      =       -0.5086
 VDWAALS =   186157.4296  EEL     =      174.1557  HBOND      =        0.0000
 1-4 VDW = *************  1-4 EEL =   -90214.9393  RESTRAINT  =        0.0000


   NSTEP       ENERGY          RMS            GMAX         NAME    NUMBER
    900       1.6384E+09     6.4231E+01     8.2452E+03     H6      33650

 BOND    =    31667.9057  ANGLE   =   103479.1763  DIHED      =       -0.5086
 VDWAALS =   186157.3061  EEL     =      174.1552  HBOND      =        0.0000
 1-4 VDW = *************  1-4 EEL =   -90214.9440  RESTRAINT  =        0.0000


   NSTEP       ENERGY          RMS            GMAX         NAME    NUMBER
    950       1.6420E+09     6.4231E+01     8.2452E+03     H6      33650

 BOND    =    31667.8498  ANGLE   =   103479.1422  DIHED      =       -0.5086
 VDWAALS =   186157.1836  EEL     =      174.1554  HBOND      =        0.0000
 1-4 VDW = *************  1-4 EEL =   -90214.9486  RESTRAINT  =        0.0000


   NSTEP       ENERGY          RMS            GMAX         NAME    NUMBER
   1000       1.6456E+09     6.4103E+01     8.2419E+03     H5      33649

 BOND    =    31667.7930  ANGLE   =   103479.1075  DIHED      =       -0.5086
 VDWAALS =   186157.0605  EEL     =      174.1551  HBOND      =        0.0000
 1-4 VDW = *************  1-4 EEL =   -90214.9532  RESTRAINT  =        0.0000


  Maximum number of minimization cycles reached.


                    FINAL RESULTS



   NSTEP       ENERGY          RMS            GMAX         NAME    NUMBER
   1000       1.6456E+09     6.4103E+01     8.2419E+03     H5      33649

 BOND    =    31667.7930  ANGLE   =   103479.1075  DIHED      =       -0.5086
 VDWAALS =   186157.0605  EEL     =      174.1551  HBOND      =        0.0000
 1-4 VDW = *************  1-4 EEL =   -90214.9532  RESTRAINT  =        0.0000
--------------------------------------------------------------------------------
   5.  TIMINGS
--------------------------------------------------------------------------------

|  NonSetup CPU Time in Major Routines:
|
|     Routine           Sec        %
|     ------------------------------
|     Nonbond           0.43   16.97
|     Bond              0.00    0.00
|     Angle             0.00    0.00
|     Dihedral          0.00    0.00
|     Shake             0.00    0.00
|     Other             2.11   83.03
|     ------------------------------
|     Total             2.54

|  PME Nonbond Pairlist CPU Time:
|
|     Routine              Sec        %
|     ---------------------------------
|     Set Up Cit           0.00    0.00
|     Build List           0.00    0.00
|     ---------------------------------
|     Total                0.00    0.00

|  PME Direct Force CPU Time:
|
|     Routine              Sec        %
|     ---------------------------------
|     NonBonded Calc       0.00    0.00
|     Exclude Masked       0.00    0.00
|     Other                0.00    0.11
|     ---------------------------------
|     Total                0.00    0.11

|  PME Reciprocal Force CPU Time:
|
|     Routine              Sec        %
|     ---------------------------------
|     1D bspline           0.00    0.00
|     Grid Charges         0.00    0.00
|     Scalar Sum           0.00    0.00
|     Gradient Sum         0.00    0.00
|     FFT                  0.00    0.00
|     ---------------------------------
|     Total                0.00    0.00

|  Setup CPU time:            1.65 seconds
|  NonSetup CPU time:         2.54 seconds
|  Total CPU time:            4.19 seconds     0.00 hours

|  Setup wall time:           2    seconds
|  NonSetup wall time:        3    seconds
|  Total wall time:           5    seconds     0.00 hours
